# JRE version: OpenJDK Runtime Environment (8.0_76-b03) (build 1.8.0_76-release-b03)
# Java VM: OpenJDK 64-Bit Server VM (25.76-b03 mixed mode windows-amd64 compressed oops)
Heap:
 PSYoungGen      total 436224K, used 255200K [0x00000000e0000000, 0x0000000100000000, 0x0000000100000000)
  eden space 383488K, 66% used [0x00000000e0000000,0x00000000ef9381a8,0x00000000f7680000)
  from space 52736K, 0% used [0x00000000f7680000,0x00000000f7680000,0x00000000faa00000)
  to   space 54272K, 0% used [0x00000000fcb00000,0x00000000fcb00000,0x0000000100000000)
 ParOldGen       total 216576K, used 103098K [0x00000000a0000000, 0x00000000ad380000, 0x00000000e0000000)
  object space 216576K, 47% used [0x00000000a0000000,0x00000000a64ae9d0,0x00000000ad380000)
 Metaspace       used 73859K, capacity 77232K, committed 77312K, reserved 1116160K
  class space    used 9475K, capacity 10210K, committed 10240K, reserved 1048576K
GC Heap History (10 events):
Event: 830.302 GC heap before
{Heap before GC invocations=22 (full 4):
 PSYoungGen      total 357888K, used 357546K [0x00000000e0000000, 0x00000000f8000000, 0x0000000100000000)
  eden space 334848K, 100% used [0x00000000e0000000,0x00000000f4700000,0x00000000f4700000)
  from space 23040K, 98% used [0x00000000f5480000,0x00000000f6aaab60,0x00000000f6b00000)
  to   space 21504K, 0% used [0x00000000f6b00000,0x00000000f6b00000,0x00000000f8000000)
 ParOldGen       total 160256K, used 70585K [0x00000000a0000000, 0x00000000a9c80000, 0x00000000e0000000)
  object space 160256K, 44% used [0x00000000a0000000,0x00000000a44ee6d8,0x00000000a9c80000)
 Metaspace       used 70496K, capacity 73774K, committed 73984K, reserved 1114112K
  class space    used 9228K, capacity 9913K, committed 9984K, reserved 1048576K
Event: 830.334 GC heap after
Heap after GC invocations=22 (full 4):
 PSYoungGen      total 333312K, used 11452K [0x00000000e0000000, 0x00000000f7680000, 0x0000000100000000)
  eden space 321536K, 0% used [0x00000000e0000000,0x00000000e0000000,0x00000000f3a00000)
  from space 11776K, 97% used [0x00000000f6b00000,0x00000000f762f268,0x00000000f7680000)
  to   space 28160K, 0% used [0x00000000f3f80000,0x00000000f3f80000,0x00000000f5b00000)
 ParOldGen       total 160256K, used 70601K [0x00000000a0000000, 0x00000000a9c80000, 0x00000000e0000000)
  object space 160256K, 44% used [0x00000000a0000000,0x00000000a44f26d8,0x00000000a9c80000)
 Metaspace       used 70496K, capacity 73774K, committed 73984K, reserved 1114112K
  class space    used 9228K, capacity 9913K, committed 9984K, reserved 1048576K
}
Event: 833.537 GC heap before
{Heap before GC invocations=23 (full 4):
 PSYoungGen      total 333312K, used 332988K [0x00000000e0000000, 0x00000000f7680000, 0x0000000100000000)
  eden space 321536K, 100% used [0x00000000e0000000,0x00000000f3a00000,0x00000000f3a00000)
  from space 11776K, 97% used [0x00000000f6b00000,0x00000000f762f268,0x00000000f7680000)
  to   space 28160K, 0% used [0x00000000f3f80000,0x00000000f3f80000,0x00000000f5b00000)
 ParOldGen       total 160256K, used 70601K [0x00000000a0000000, 0x00000000a9c80000, 0x00000000e0000000)
  object space 160256K, 44% used [0x00000000a0000000,0x00000000a44f26d8,0x00000000a9c80000)
 Metaspace       used 73507K, capacity 76818K, committed 77056K, reserved 1116160K
  class space    used 9472K, capacity 10179K, committed 10240K, reserved 1048576K
Event: 833.594 GC heap after
Heap after GC invocations=23 (full 4):
 PSYoungGen      total 355328K, used 28135K [0x00000000e0000000, 0x00000000fd100000, 0x0000000100000000)
  eden space 327168K, 0% used [0x00000000e0000000,0x00000000e0000000,0x00000000f3f80000)
  from space 28160K, 99% used [0x00000000f3f80000,0x00000000f5af9e28,0x00000000f5b00000)
  to   space 39936K, 0% used [0x00000000faa00000,0x00000000faa00000,0x00000000fd100000)
 ParOldGen       total 160256K, used 91657K [0x00000000a0000000, 0x00000000a9c80000, 0x00000000e0000000)
  object space 160256K, 57% used [0x00000000a0000000,0x00000000a5982458,0x00000000a9c80000)
 Metaspace       used 73507K, capacity 76818K, committed 77056K, reserved 1116160K
  class space    used 9472K, capacity 10179K, committed 10240K, reserved 1048576K
}
Event: 834.984 GC heap before
{Heap before GC invocations=24 (full 4):
 PSYoungGen      total 355328K, used 355303K [0x00000000e0000000, 0x00000000fd100000, 0x0000000100000000)
  eden space 327168K, 100% used [0x00000000e0000000,0x00000000f3f80000,0x00000000f3f80000)
  from space 28160K, 99% used [0x00000000f3f80000,0x00000000f5af9e28,0x00000000f5b00000)
  to   space 39936K, 0% used [0x00000000faa00000,0x00000000faa00000,0x00000000fd100000)
 ParOldGen       total 160256K, used 91657K [0x00000000a0000000, 0x00000000a9c80000, 0x00000000e0000000)
  object space 160256K, 57% used [0x00000000a0000000,0x00000000a5982458,0x00000000a9c80000)
 Metaspace       used 73701K, capacity 77010K, committed 77312K, reserved 1116160K
  class space    used 9473K, capacity 10179K, committed 10240K, reserved 1048576K
Event: 835.068 GC heap after
Heap after GC invocations=24 (full 4):
 PSYoungGen      total 423424K, used 39934K [0x00000000e0000000, 0x0000000100000000, 0x0000000100000000)
  eden space 383488K, 0% used [0x00000000e0000000,0x00000000e0000000,0x00000000f7680000)
  from space 39936K, 99% used [0x00000000faa00000,0x00000000fd0ffb70,0x00000000fd100000)
  to   space 52736K, 0% used [0x00000000f7680000,0x00000000f7680000,0x00000000faa00000)
 ParOldGen       total 160256K, used 110494K [0x00000000a0000000, 0x00000000a9c80000, 0x00000000e0000000)
  object space 160256K, 68% used [0x00000000a0000000,0x00000000a6be7a90,0x00000000a9c80000)
 Metaspace       used 73701K, capacity 77010K, committed 77312K, reserved 1116160K
  class space    used 9473K, capacity 10179K, committed 10240K, reserved 1048576K
}
Event: 837.090 GC heap before
{Heap before GC invocations=25 (full 4):
 PSYoungGen      total 423424K, used 423422K [0x00000000e0000000, 0x0000000100000000, 0x0000000100000000)
  eden space 383488K, 100% used [0x00000000e0000000,0x00000000f7680000,0x00000000f7680000)
  from space 39936K, 99% used [0x00000000faa00000,0x00000000fd0ffb70,0x00000000fd100000)
  to   space 52736K, 0% used [0x00000000f7680000,0x00000000f7680000,0x00000000faa00000)
 ParOldGen       total 160256K, used 110494K [0x00000000a0000000, 0x00000000a9c80000, 0x00000000e0000000)
  object space 160256K, 68% used [0x00000000a0000000,0x00000000a6be7a90,0x00000000a9c80000)
 Metaspace       used 73789K, capacity 77106K, committed 77312K, reserved 1116160K
  class space    used 9475K, capacity 10211K, committed 10240K, reserved 1048576K
Event: 837.196 GC heap after
Heap after GC invocations=25 (full 4):
 PSYoungGen      total 436224K, used 33839K [0x00000000e0000000, 0x0000000100000000, 0x0000000100000000)
  eden space 383488K, 0% used [0x00000000e0000000,0x00000000e0000000,0x00000000f7680000)
  from space 52736K, 64% used [0x00000000f7680000,0x00000000f978bfb8,0x00000000faa00000)
  to   space 54272K, 0% used [0x00000000fcb00000,0x00000000fcb00000,0x0000000100000000)
 ParOldGen       total 160256K, used 139628K [0x00000000a0000000, 0x00000000a9c80000, 0x00000000e0000000)
  object space 160256K, 87% used [0x00000000a0000000,0x00000000a885b210,0x00000000a9c80000)
 Metaspace       used 73789K, capacity 77106K, committed 77312K, reserved 1116160K
  class space    used 9475K, capacity 10211K, committed 10240K, reserved 1048576K
}
Event: 837.196 GC heap before
{Heap before GC invocations=26 (full 5):
 PSYoungGen      total 436224K, used 33839K [0x00000000e0000000, 0x0000000100000000, 0x0000000100000000)
  eden space 383488K, 0% used [0x00000000e0000000,0x00000000e0000000,0x00000000f7680000)
  from space 52736K, 64% used [0x00000000f7680000,0x00000000f978bfb8,0x00000000faa00000)
  to   space 54272K, 0% used [0x00000000fcb00000,0x00000000fcb00000,0x0000000100000000)
 ParOldGen       total 160256K, used 139628K [0x00000000a0000000, 0x00000000a9c80000, 0x00000000e0000000)
  object space 160256K, 87% used [0x00000000a0000000,0x00000000a885b210,0x00000000a9c80000)
 Metaspace       used 73789K, capacity 77106K, committed 77312K, reserved 1116160K
  class space    used 9475K, capacity 10211K, committed 10240K, reserved 1048576K
Event: 837.714 GC heap after
Heap after GC invocations=26 (full 5):
 PSYoungGen      total 436224K, used 0K [0x00000000e0000000, 0x0000000100000000, 0x0000000100000000)
  eden space 383488K, 0% used [0x00000000e0000000,0x00000000e0000000,0x00000000f7680000)
  from space 52736K, 0% used [0x00000000f7680000,0x00000000f7680000,0x00000000faa00000)
  to   space 54272K, 0% used [0x00000000fcb00000,0x00000000fcb00000,0x0000000100000000)
 ParOldGen       total 216576K, used 103098K [0x00000000a0000000, 0x00000000ad380000, 0x00000000e0000000)
  object space 216576K, 47% used [0x00000000a0000000,0x00000000a64ae9d0,0x00000000ad380000)
 Metaspace       used 73784K, capacity 77092K, committed 77312K, reserved 1116160K
  class space    used 9473K, capacity 10208K, committed 10240K, reserved 1048576K
}

